<?xml version="1.0" encoding="UTF-8"?>
<!-- Generated by org.testng.reporters.JUnitReportReporter -->
<testsuite hostname="Seans-MacBook-Pro.local" name="com.revature.testsuites.PhpTravelsAuto" tests="1" failures="0" timestamp="7 Jan 2018 18:12:44 GMT" time="42.928" errors="0">
  <testcase name="validateNavbar" time="42.928" classname="com.revature.testsuites.PhpTravelsAuto"/>
</testsuite> <!-- com.revature.testsuites.PhpTravelsAuto -->
