<?xml version="1.0" encoding="UTF-8"?>
<!-- Generated by org.testng.reporters.JUnitReportReporter -->
<testsuite hostname="Seans-MacBook-Pro.local" name="com.revature.testsuites.MercuryTest" tests="2" failures="0" timestamp="7 Jan 2018 00:34:16 GMT" time="6.880" errors="0">
  <testcase name="sendKeys" time="5.079" classname="com.revature.testsuites.MercuryTest"/>
  <testcase name="validateLandingPage" time="1.801" classname="com.revature.testsuites.MercuryTest"/>
</testsuite> <!-- com.revature.testsuites.MercuryTest -->
