<?xml version="1.0" encoding="UTF-8"?>
<!-- Generated by org.testng.reporters.JUnitReportReporter -->
<testsuite hostname="Seans-MacBook-Pro.local" name="com.revature.testsuites.DriverFactoryTest" tests="3" failures="0" timestamp="6 Jan 2018 19:00:31 GMT" time="24.967" errors="0">
  <testcase name="launchTestAutomationGuruTest" time="8.519" classname="com.revature.testsuites.DriverFactoryTest"/>
  <testcase name="launchGoogleTest" time="7.642" classname="com.revature.testsuites.DriverFactoryTest"/>
  <testcase name="launchYahooTest" time="8.806" classname="com.revature.testsuites.DriverFactoryTest"/>
</testsuite> <!-- com.revature.testsuites.DriverFactoryTest -->
