<?xml version="1.0" encoding="UTF-8"?>
<!-- Generated by org.testng.reporters.JUnitReportReporter -->
<testsuite hostname="MSI" name="com.revature.testsuites.NewTest" tests="2" failures="0" timestamp="13 Dec 2017 20:02:58 GMT" time="0.006" errors="0">
  <testcase name="f3" time="0.004" classname="com.revature.testsuites.NewTest"/>
  <testcase name="f1" time="0.002" classname="com.revature.testsuites.NewTest"/>
</testsuite> <!-- com.revature.testsuites.NewTest -->
