<?xml version="1.0" encoding="UTF-8"?>
<!-- Generated by org.testng.reporters.JUnitReportReporter -->
<testsuite hostname="MSI" name="com.revature.testsuites.MercuryLogin" tests="5" failures="0" timestamp="13 Dec 2017 20:41:27 GMT" time="8.696" errors="0">
  <testcase name="loginToMercury" time="1.740" classname="com.revature.testsuites.MercuryLogin"/>
  <testcase name="loginToMercury" time="2.661" classname="com.revature.testsuites.MercuryLogin"/>
  <testcase name="loginToMercury" time="2.129" classname="com.revature.testsuites.MercuryLogin"/>
  <testcase name="loginToMercury" time="2.153" classname="com.revature.testsuites.MercuryLogin"/>
  <testcase name="validateLandingPage" time="0.013" classname="com.revature.testsuites.MercuryLogin"/>
</testsuite> <!-- com.revature.testsuites.MercuryLogin -->
