<?xml version="1.0" encoding="UTF-8"?>
<!-- Generated by org.testng.reporters.JUnitReportReporter -->
<testsuite hostname="AComputer" name="com.revature.testsuites.MercuryLogin" tests="5" failures="0" timestamp="18 Dec 2017 15:23:32 GMT" time="6.036" errors="0">
  <testcase name="loginToMercury" time="1.685" classname="com.revature.testsuites.MercuryLogin"/>
  <testcase name="loginToMercury" time="1.446" classname="com.revature.testsuites.MercuryLogin"/>
  <testcase name="loginToMercury" time="1.433" classname="com.revature.testsuites.MercuryLogin"/>
  <testcase name="loginToMercury" time="1.451" classname="com.revature.testsuites.MercuryLogin"/>
  <testcase name="validateLandingPage" time="0.021" classname="com.revature.testsuites.MercuryLogin"/>
</testsuite> <!-- com.revature.testsuites.MercuryLogin -->
