<?xml version="1.0" encoding="UTF-8"?>
<!-- Generated by org.testng.reporters.JUnitReportReporter -->
<testsuite hostname="MikeW" name="com.revature.testsuites.MercuryLogin" tests="1" failures="0" timestamp="18 Dec 2017 15:23:35 GMT" time="0.057" errors="0">
  <testcase name="validateLandingPage" time="0.057" classname="com.revature.testsuites.MercuryLogin"/>
</testsuite> <!-- com.revature.testsuites.MercuryLogin -->
