<?xml version="1.0" encoding="UTF-8"?>
<!-- Generated by org.testng.reporters.JUnitReportReporter -->
<testsuite hostname="MikeW" name="com.revature.testsuites.NewTest" tests="2" failures="0" timestamp="18 Dec 2017 15:02:07 GMT" time="0.040" errors="0">
  <testcase name="f1" time="0.007" classname="com.revature.testsuites.NewTest"/>
  <testcase name="f3" time="0.033" classname="com.revature.testsuites.NewTest"/>
</testsuite> <!-- com.revature.testsuites.NewTest -->
