<?xml version="1.0" encoding="UTF-8"?>
<!-- Generated by org.testng.reporters.JUnitReportReporter -->
<testsuite hostname="MikeW" name="com.revature.testsuites.NewTest" tests="2" failures="0" timestamp="15 Dec 2017 20:21:53 GMT" time="0.128" errors="0">
  <testcase name="f1" time="0.023" classname="com.revature.testsuites.NewTest"/>
  <testcase name="f3" time="0.105" classname="com.revature.testsuites.NewTest"/>
</testsuite> <!-- com.revature.testsuites.NewTest -->
