<?xml version="1.0" encoding="UTF-8"?>
<!-- Generated by org.testng.reporters.JUnitReportReporter -->
<testsuite hostname="MikeW" name="com.revature.testsuites.MercuryLogin" tests="5" failures="0" timestamp="13 Dec 2017 21:22:52 GMT" time="9.912" errors="0">
  <testcase name="loginToMercury" time="2.303" classname="com.revature.testsuites.MercuryLogin"/>
  <testcase name="loginToMercury" time="2.269" classname="com.revature.testsuites.MercuryLogin"/>
  <testcase name="loginToMercury" time="2.373" classname="com.revature.testsuites.MercuryLogin"/>
  <testcase name="validateLandingPage" time="0.063" classname="com.revature.testsuites.MercuryLogin"/>
  <testcase name="loginToMercury" time="2.904" classname="com.revature.testsuites.MercuryLogin"/>
</testsuite> <!-- com.revature.testsuites.MercuryLogin -->
